<?xml version="1.0" encoding="UTF-8"?>
<!-- Generated by org.testng.reporters.JUnitXMLReporter -->
<testsuite hostname="Gopinaths-MacBook-Air.local" ignored="3" name="products123456" tests="1" failures="0" timestamp="26 Feb 2019 06:40:17 GMT" time="3.31" errors="0">
  <testcase name="testProducts" time="0.041" classname="automation.ProductsTest"/>
  <testcase name="testStores" time="0.0" classname="automation.StoresTest">
    <ignored/>
  </testcase> <!-- testStores -->
  <testcase name="@AfterTest tearDown" time="0.0" classname="automation.ChromeDriverClass">
    <ignored/>
  </testcase> <!-- @AfterTest tearDown -->
  <testcase name="@BeforeTest initializeDriver" time="0.0" classname="automation.ChromeDriverClass">
    <ignored/>
  </testcase> <!-- @BeforeTest initializeDriver -->
</testsuite> <!-- products123456 -->
